<?xml version="1.0" encoding="UTF-8"?>
<!-- Generated by org.testng.reporters.JUnitXMLReporter -->
<testsuite hostname="AIBWTA5RYL" ignored="0" name="Seleniumtest" tests="4" failures="0" timestamp="10 Jan 2018 10:17:54 GMT" time="0.096" errors="0">
  <testcase name="xmlTestMethod1" time="0.019" classname="SeleniumTest.xmlTest"/>
  <testcase name="xmlTestMethod2" time="0.003" classname="SeleniumTest.xmlTest"/>
  <testcase name="xmlTestMethod3" time="0.019" classname="SeleniumTest.xmlTest"/>
  <testcase name="xmlTestMethod4" time="0.002" classname="SeleniumTest.xmlTest"/>
</testsuite> <!-- Seleniumtest -->
