<?xml version="1.0" encoding="UTF-8"?>
<!-- Generated by org.testng.reporters.JUnitXMLReporter -->
<testsuite hostname="AIBWTA5RYL" ignored="1" name="TestSuite2" tests="4" failures="0" timestamp="08 Jan 2018 11:43:51 GMT" time="11.969" errors="0">
  <testcase name="TestMethod1" time="0.004" classname="SeleniumTest.testNGtest"/>
  <testcase name="TestMethod2" time="0.002" classname="SeleniumTest.testNGtest"/>
  <testcase name="TestMethod3" time="0.004" classname="SeleniumTest.testNGtest"/>
  <testcase name="properties" time="0.002" classname="SeleniumTest.testNGtest"/>
  <testcase name="google" time="0.0" classname="SeleniumTest.testNGtest">
    <ignored/>
  </testcase> <!-- google -->
</testsuite> <!-- TestSuite2 -->
