<?xml version="1.0" encoding="UTF-8"?>
<!-- Generated by org.testng.reporters.JUnitXMLReporter -->
<testsuite hostname="AIBWTA5RYL" ignored="2" name="testNGgroup" tests="3" failures="0" timestamp="10 Jan 2018 10:40:27 GMT" time="0.08" errors="0">
  <testcase name="xmlTestMethod1" time="0.016" classname="SeleniumTest.testNGgroup"/>
  <testcase name="xmlTestMethod2" time="0.001" classname="SeleniumTest.testNGgroup"/>
  <testcase name="testdepends" time="0.001" classname="SeleniumTest.testNGgroup"/>
  <testcase name="xmlTestMethod3" time="0.0" classname="SeleniumTest.testNGgroup">
    <ignored/>
  </testcase> <!-- xmlTestMethod3 -->
  <testcase name="xmlTestMethod4" time="0.0" classname="SeleniumTest.testNGgroup">
    <ignored/>
  </testcase> <!-- xmlTestMethod4 -->
</testsuite> <!-- testNGgroup -->
